[2019-01-15 17:26:58,410] multiqc                                            [DEBUG  ]  No MultiQC config found: /opt/miniconda3/lib/python3.6/site-packages/multiqc_config.yaml
[2019-01-15 17:26:58,410] multiqc                                            [DEBUG  ]  No MultiQC config found: /home/weigandc/.multiqc_config.yaml
[2019-01-15 17:26:58,410] multiqc                                            [DEBUG  ]  No MultiQC config found: multiqc_config.yaml
[2019-01-15 17:26:58,410] multiqc                                            [DEBUG  ]  Command used: /opt/miniconda3/bin/multiqc .
[2019-01-15 17:26:59,324] multiqc                                            [WARNING]  MultiQC Version v1.7 now available!
[2019-01-15 17:26:59,324] multiqc                                            [INFO   ]  This is MultiQC v1.6
[2019-01-15 17:26:59,324] multiqc                                            [DEBUG  ]  Command     : /opt/miniconda3/bin/multiqc .
[2019-01-15 17:26:59,325] multiqc                                            [DEBUG  ]  Working dir : /home/weigandc/work/trim
[2019-01-15 17:26:59,325] multiqc                                            [INFO   ]  Template    : default
[2019-01-15 17:26:59,325] multiqc                                            [INFO   ]  Searching '.'
[2019-01-15 17:26:59,326] multiqc                                            [DEBUG  ]  Analysing modules: custom_content, conpair, peddy, methylQA, qualimap, preseq, quast, qorts, rna_seqc, rsem, rseqc, busco, goleft_indexcov, disambiguate, supernova, deeptools, sargasso, verifybamid, mirtrace, happy, homer, macs2, theta2, snpeff, gatk, htseq, bcftools, featureCounts, dedup, picard, prokka, samblaster, samtools, bamtools, jellyfish, vcftools, longranger, bbmap, bismark, hicexplorer, hicup, hicpro, salmon, kallisto, slamdunk, star, hisat2, tophat, bowtie2, bowtie1, kat, leehom, adapterRemoval, clipandmerge, cutadapt, flexbar, trimmomatic, skewer, sortmerna, biobloomtools, fastq_screen, afterqc, fastp, fastqc, clusterflow, bcl2fastq, interop
[2019-01-15 17:26:59,327] multiqc                                            [DEBUG  ]  Using temporary directory for creating report: /tmp/tmpfldaq_of
[2019-01-15 17:26:59,402] multiqc                                            [DEBUG  ]  Ignoring file as matched an ignore pattern: 6Hour_CGATGT_L002_R2_003.fastq
[2019-01-15 17:26:59,402] multiqc                                            [DEBUG  ]  Ignoring file as matched an ignore pattern: 0Hour_ATCACG_L002_R2_005.fastq
[2019-01-15 17:26:59,403] multiqc                                            [DEBUG  ]  Ignoring file as matched an ignore pattern: 0Hour_ATCACG_L002_R1_003.fastq
[2019-01-15 17:26:59,403] multiqc                                            [DEBUG  ]  Ignoring file as matched an ignore pattern: 6Hour_CGATGT_L002_R2_001.fastq
[2019-01-15 17:26:59,414] multiqc                                            [DEBUG  ]  Ignoring file as matched an ignore pattern: 0Hour_ATCACG_L002_R1_004.qc.fq.gz
[2019-01-15 17:26:59,414] multiqc                                            [DEBUG  ]  Ignoring file as matched an ignore pattern: 6Hour_CGATGT_L002_R1_003.fastq
[2019-01-15 17:26:59,415] multiqc                                            [DEBUG  ]  Ignoring file as matched an ignore pattern: 6Hour_CGATGT_L002_R2_002.fastq
[2019-01-15 17:26:59,415] multiqc                                            [DEBUG  ]  Ignoring file as matched an ignore pattern: 6Hour_CGATGT_L002_R1_002.qc.fq.gz
[2019-01-15 17:26:59,415] multiqc                                            [DEBUG  ]  Ignoring file as matched an ignore pattern: 6Hour_CGATGT_L002_R1_004.fastq
[2019-01-15 17:26:59,415] multiqc                                            [DEBUG  ]  Ignoring file as matched an ignore pattern: 6Hour_CGATGT_L002_R1_001.fastq
[2019-01-15 17:26:59,416] multiqc                                            [DEBUG  ]  Ignoring file as matched an ignore pattern: 0Hour_ATCACG_L002_R1_003.qc_fastqc.html
[2019-01-15 17:26:59,416] multiqc                                            [DEBUG  ]  Ignoring file as matched an ignore pattern: 6Hour_CGATGT_L002_R2_005.qc_fastqc.html
[2019-01-15 17:26:59,416] multiqc                                            [DEBUG  ]  Ignoring file as matched an ignore pattern: 0Hour_ATCACG_L002_R2_004.qc.fq.gz
[2019-01-15 17:26:59,417] multiqc                                            [DEBUG  ]  Ignoring file as matched an ignore pattern: 6Hour_CGATGT_L002_R2_004.qc.fq.gz
[2019-01-15 17:26:59,417] multiqc                                            [DEBUG  ]  Ignoring file as matched an ignore pattern: combined.fa
[2019-01-15 17:26:59,417] multiqc                                            [DEBUG  ]  Ignoring file as matched an ignore pattern: 0Hour_ATCACG_L002_R1_003.qc.fq.gz
[2019-01-15 17:26:59,417] multiqc                                            [DEBUG  ]  Ignoring file as matched an ignore pattern: 0Hour_ATCACG_L002_R1_001.fastq
[2019-01-15 17:26:59,418] multiqc                                            [DEBUG  ]  Ignoring file as matched an ignore pattern: 0Hour_ATCACG_L002_R1_005.qc.fq.gz
[2019-01-15 17:26:59,418] multiqc                                            [DEBUG  ]  Ignoring file as matched an ignore pattern: 6Hour_CGATGT_L002_R2_004.fastq
[2019-01-15 17:26:59,419] multiqc                                            [DEBUG  ]  Ignoring file as matched an ignore pattern: 0Hour_ATCACG_L002_R2_005.qc.fq.gz
[2019-01-15 17:26:59,419] multiqc                                            [DEBUG  ]  Ignoring file as matched an ignore pattern: 6Hour_CGATGT_L002_R1_005.fastq
[2019-01-15 17:26:59,420] multiqc                                            [DEBUG  ]  Ignoring file as matched an ignore pattern: 0Hour_ATCACG_L002_R2_001.qc.fq.gz
[2019-01-15 17:26:59,420] multiqc                                            [DEBUG  ]  Ignoring file as matched an ignore pattern: 0Hour_ATCACG_L002_R2_004.qc_fastqc.html
[2019-01-15 17:26:59,421] multiqc                                            [DEBUG  ]  Ignoring file as matched an ignore pattern: 6Hour_CGATGT_L002_R1_005.qc.fq.gz
[2019-01-15 17:26:59,421] multiqc                                            [DEBUG  ]  Ignoring file as matched an ignore pattern: 6Hour_CGATGT_L002_R1_002.qc_fastqc.html
[2019-01-15 17:26:59,423] multiqc                                            [DEBUG  ]  Ignoring file as matched an ignore pattern: 0Hour_ATCACG_L002_R2_005.qc_fastqc.html
[2019-01-15 17:26:59,424] multiqc                                            [DEBUG  ]  Ignoring file as matched an ignore pattern: 6Hour_CGATGT_L002_R1_003.qc.fq.gz
[2019-01-15 17:26:59,424] multiqc                                            [DEBUG  ]  Ignoring file as matched an ignore pattern: 0Hour_ATCACG_L002_R1_002.qc.fq.gz
[2019-01-15 17:26:59,425] multiqc                                            [DEBUG  ]  Ignoring file as matched an ignore pattern: orphans.qc.fq.gz
[2019-01-15 17:26:59,426] multiqc                                            [DEBUG  ]  Ignoring file as matched an ignore pattern: 6Hour_CGATGT_L002_R1_001.qc_fastqc.html
[2019-01-15 17:26:59,426] multiqc                                            [DEBUG  ]  Ignoring file as matched an ignore pattern: 6Hour_CGATGT_L002_R2_001.qc_fastqc.html
[2019-01-15 17:26:59,427] multiqc                                            [DEBUG  ]  Ignoring file as matched an ignore pattern: 6Hour_CGATGT_L002_R2_002.qc_fastqc.html
[2019-01-15 17:26:59,427] multiqc                                            [DEBUG  ]  Ignoring file as matched an ignore pattern: 0Hour_ATCACG_L002_R2_003.qc_fastqc.html
[2019-01-15 17:26:59,427] multiqc                                            [DEBUG  ]  Ignoring file as matched an ignore pattern: 6Hour_CGATGT_L002_R2_003.qc.fq.gz
[2019-01-15 17:26:59,427] multiqc                                            [DEBUG  ]  Ignoring file as matched an ignore pattern: 6Hour_CGATGT_L002_R2_001.qc.fq.gz
[2019-01-15 17:26:59,428] multiqc                                            [DEBUG  ]  Ignoring file as matched an ignore pattern: 6Hour_CGATGT_L002_R1_002.fastq
[2019-01-15 17:26:59,428] multiqc                                            [DEBUG  ]  Ignoring file as matched an ignore pattern: 0Hour_ATCACG_L002_R1_002.qc_fastqc.html
[2019-01-15 17:26:59,429] multiqc                                            [DEBUG  ]  Ignoring file as matched an ignore pattern: 0Hour_ATCACG_L002_R2_001.qc_fastqc.html
[2019-01-15 17:26:59,429] multiqc                                            [DEBUG  ]  Ignoring file as matched an ignore pattern: 6Hour_CGATGT_L002_R2_003.qc_fastqc.html
[2019-01-15 17:26:59,429] multiqc                                            [DEBUG  ]  Ignoring file as matched an ignore pattern: 0Hour_ATCACG_L002_R1_004.fastq
[2019-01-15 17:26:59,429] multiqc                                            [DEBUG  ]  Ignoring file as matched an ignore pattern: 6Hour_CGATGT_L002_R2_004.qc_fastqc.html
[2019-01-15 17:26:59,430] multiqc                                            [DEBUG  ]  Ignoring file as matched an ignore pattern: 0Hour_ATCACG_L002_R1_004.qc_fastqc.html
[2019-01-15 17:26:59,430] multiqc                                            [DEBUG  ]  Ignoring file as matched an ignore pattern: 0Hour_ATCACG_L002_R1_005.qc_fastqc.html
[2019-01-15 17:26:59,431] multiqc                                            [DEBUG  ]  Ignoring file as matched an ignore pattern: 0Hour_ATCACG_L002_R1_002.fastq
[2019-01-15 17:26:59,431] multiqc                                            [DEBUG  ]  Ignoring file as matched an ignore pattern: 0Hour_ATCACG_L002_R2_003.qc.fq.gz
[2019-01-15 17:26:59,432] multiqc                                            [DEBUG  ]  Ignoring file as matched an ignore pattern: 6Hour_CGATGT_L002_R1_001.qc.fq.gz
[2019-01-15 17:26:59,432] multiqc                                            [DEBUG  ]  Ignoring file as matched an ignore pattern: 0Hour_ATCACG_L002_R1_001.qc.fq.gz
[2019-01-15 17:26:59,433] multiqc                                            [DEBUG  ]  Ignoring file as matched an ignore pattern: 6Hour_CGATGT_L002_R2_005.fastq
[2019-01-15 17:26:59,433] multiqc                                            [DEBUG  ]  Ignoring file as matched an ignore pattern: 0Hour_ATCACG_L002_R2_003.fastq
[2019-01-15 17:26:59,433] multiqc                                            [DEBUG  ]  Ignoring file as matched an ignore pattern: 0Hour_ATCACG_L002_R2_002.qc_fastqc.html
[2019-01-15 17:26:59,433] multiqc                                            [DEBUG  ]  Ignoring file as matched an ignore pattern: 0Hour_ATCACG_L002_R2_002.qc.fq.gz
[2019-01-15 17:26:59,434] multiqc                                            [DEBUG  ]  Ignoring file as matched an ignore pattern: 0Hour_ATCACG_L002_R2_004.fastq
[2019-01-15 17:26:59,434] multiqc                                            [DEBUG  ]  Ignoring file as matched an ignore pattern: 6Hour_CGATGT_L002_R2_002.qc.fq.gz
[2019-01-15 17:26:59,435] multiqc                                            [DEBUG  ]  Ignoring file as matched an ignore pattern: 0Hour_ATCACG_L002_R2_002.fastq
[2019-01-15 17:26:59,435] multiqc                                            [DEBUG  ]  Ignoring file as matched an ignore pattern: 0Hour_ATCACG_L002_R1_001.qc_fastqc.html
[2019-01-15 17:26:59,435] multiqc                                            [DEBUG  ]  Ignoring file as matched an ignore pattern: 6Hour_CGATGT_L002_R1_005.qc_fastqc.html
[2019-01-15 17:26:59,435] multiqc                                            [DEBUG  ]  Ignoring file as matched an ignore pattern: 6Hour_CGATGT_L002_R2_005.qc.fq.gz
[2019-01-15 17:26:59,436] multiqc                                            [DEBUG  ]  Ignoring file as matched an ignore pattern: 6Hour_CGATGT_L002_R1_004.qc_fastqc.html
[2019-01-15 17:26:59,436] multiqc                                            [DEBUG  ]  Ignoring file as matched an ignore pattern: 0Hour_ATCACG_L002_R1_005.fastq
[2019-01-15 17:26:59,437] multiqc                                            [DEBUG  ]  Ignoring file as matched an ignore pattern: 6Hour_CGATGT_L002_R1_004.qc.fq.gz
[2019-01-15 17:26:59,437] multiqc                                            [DEBUG  ]  Ignoring file as matched an ignore pattern: 0Hour_ATCACG_L002_R2_001.fastq
[2019-01-15 17:26:59,438] multiqc                                            [DEBUG  ]  Ignoring file as matched an ignore pattern: 6Hour_CGATGT_L002_R1_003.qc_fastqc.html
[2019-01-15 17:26:59,755] multiqc                                            [DEBUG  ]  No samples found: custom_content
[2019-01-15 17:26:59,761] multiqc                                            [DEBUG  ]  No samples found: conpair
[2019-01-15 17:26:59,791] multiqc                                            [DEBUG  ]  No samples found: peddy
[2019-01-15 17:26:59,797] multiqc                                            [DEBUG  ]  No samples found: methylQA
[2019-01-15 17:26:59,803] multiqc                                            [DEBUG  ]  No samples found: qualimap
[2019-01-15 17:26:59,808] multiqc                                            [DEBUG  ]  No samples found: preseq
[2019-01-15 17:26:59,814] multiqc                                            [DEBUG  ]  No samples found: quast
[2019-01-15 17:26:59,819] multiqc                                            [DEBUG  ]  No samples found: qorts
[2019-01-15 17:26:59,824] multiqc                                            [DEBUG  ]  No samples found: rna_seqc
[2019-01-15 17:26:59,830] multiqc                                            [DEBUG  ]  No samples found: rsem
[2019-01-15 17:26:59,838] multiqc                                            [DEBUG  ]  No samples found: rseqc
[2019-01-15 17:26:59,844] multiqc                                            [DEBUG  ]  No samples found: busco
[2019-01-15 17:26:59,849] multiqc                                            [DEBUG  ]  No samples found: goleft_indexcov
[2019-01-15 17:26:59,854] multiqc                                            [DEBUG  ]  No samples found: disambiguate
[2019-01-15 17:26:59,859] multiqc                                            [DEBUG  ]  No samples found: supernova
[2019-01-15 17:26:59,867] multiqc                                            [DEBUG  ]  No samples found: deeptools
[2019-01-15 17:26:59,872] multiqc                                            [DEBUG  ]  No samples found: sargasso
[2019-01-15 17:26:59,878] multiqc                                            [DEBUG  ]  No samples found: verifybamid
[2019-01-15 17:26:59,883] multiqc                                            [DEBUG  ]  No samples found: mirtrace
[2019-01-15 17:26:59,888] multiqc                                            [DEBUG  ]  No samples found: happy
[2019-01-15 17:26:59,894] multiqc                                            [DEBUG  ]  No samples found: homer
[2019-01-15 17:26:59,900] multiqc                                            [DEBUG  ]  No samples found: macs2
[2019-01-15 17:26:59,905] multiqc                                            [DEBUG  ]  No samples found: theta2
[2019-01-15 17:26:59,910] multiqc                                            [DEBUG  ]  No samples found: snpeff
[2019-01-15 17:26:59,917] multiqc                                            [DEBUG  ]  No samples found: gatk
[2019-01-15 17:26:59,922] multiqc                                            [DEBUG  ]  No samples found: htseq
[2019-01-15 17:26:59,928] multiqc                                            [DEBUG  ]  No samples found: bcftools
[2019-01-15 17:26:59,933] multiqc                                            [DEBUG  ]  No samples found: featureCounts
[2019-01-15 17:26:59,938] multiqc                                            [DEBUG  ]  No samples found: dedup
[2019-01-15 17:26:59,948] multiqc                                            [DEBUG  ]  No samples found: picard
[2019-01-15 17:26:59,954] multiqc                                            [DEBUG  ]  No samples found: prokka
[2019-01-15 17:26:59,959] multiqc                                            [DEBUG  ]  No samples found: samblaster
[2019-01-15 17:26:59,966] multiqc                                            [DEBUG  ]  No samples found: samtools
[2019-01-15 17:26:59,972] multiqc                                            [DEBUG  ]  No samples found: bamtools
[2019-01-15 17:26:59,977] multiqc                                            [DEBUG  ]  No samples found: jellyfish
[2019-01-15 17:26:59,986] multiqc                                            [DEBUG  ]  No samples found: vcftools
[2019-01-15 17:26:59,991] multiqc                                            [DEBUG  ]  No samples found: longranger
[2019-01-15 17:27:00,001] multiqc                                            [DEBUG  ]  No samples found: bbmap
[2019-01-15 17:27:00,006] multiqc                                            [DEBUG  ]  No samples found: bismark
[2019-01-15 17:27:00,012] multiqc                                            [DEBUG  ]  No samples found: hicexplorer
[2019-01-15 17:27:00,017] multiqc                                            [DEBUG  ]  No samples found: hicup
[2019-01-15 17:27:00,022] multiqc                                            [DEBUG  ]  No samples found: hicpro
[2019-01-15 17:27:00,027] multiqc                                            [DEBUG  ]  No samples found: salmon
[2019-01-15 17:27:00,033] multiqc                                            [DEBUG  ]  No samples found: kallisto
[2019-01-15 17:27:00,038] multiqc                                            [DEBUG  ]  No samples found: slamdunk
[2019-01-15 17:27:00,043] multiqc                                            [DEBUG  ]  No samples found: star
[2019-01-15 17:27:00,049] multiqc                                            [DEBUG  ]  No samples found: hisat2
[2019-01-15 17:27:00,054] multiqc                                            [DEBUG  ]  No samples found: tophat
[2019-01-15 17:27:00,059] multiqc                                            [DEBUG  ]  No samples found: bowtie2
[2019-01-15 17:27:00,064] multiqc                                            [DEBUG  ]  No samples found: bowtie1
[2019-01-15 17:27:00,069] multiqc                                            [DEBUG  ]  No samples found: kat
[2019-01-15 17:27:00,075] multiqc                                            [DEBUG  ]  No samples found: leehom
[2019-01-15 17:27:00,081] multiqc                                            [DEBUG  ]  No samples found: adapterRemoval
[2019-01-15 17:27:00,086] multiqc                                            [DEBUG  ]  No samples found: clipandmerge
[2019-01-15 17:27:00,091] multiqc                                            [DEBUG  ]  No samples found: cutadapt
[2019-01-15 17:27:00,096] multiqc                                            [DEBUG  ]  No samples found: flexbar
[2019-01-15 17:27:00,102] multiqc                                            [DEBUG  ]  No samples found: trimmomatic
[2019-01-15 17:27:00,107] multiqc                                            [DEBUG  ]  No samples found: skewer
[2019-01-15 17:27:00,112] multiqc                                            [DEBUG  ]  No samples found: sortmerna
[2019-01-15 17:27:00,117] multiqc                                            [DEBUG  ]  No samples found: biobloomtools
[2019-01-15 17:27:00,123] multiqc                                            [DEBUG  ]  No samples found: fastq_screen
[2019-01-15 17:27:00,128] multiqc                                            [DEBUG  ]  No samples found: afterqc
[2019-01-15 17:27:00,133] multiqc                                            [DEBUG  ]  No samples found: fastp
[2019-01-15 17:27:00,279] multiqc.modules.fastqc.fastqc                      [INFO   ]  Found 20 reports
[2019-01-15 17:27:00,979] multiqc                                            [DEBUG  ]  No samples found: clusterflow
[2019-01-15 17:27:00,984] multiqc                                            [DEBUG  ]  No samples found: bcl2fastq
[2019-01-15 17:27:00,990] multiqc                                            [DEBUG  ]  No samples found: interop
[2019-01-15 17:27:01,045] multiqc                                            [INFO   ]  Compressing plot data
[2019-01-15 17:27:01,611] multiqc                                            [INFO   ]  Report      : multiqc_report.html
[2019-01-15 17:27:01,611] multiqc                                            [INFO   ]  Data        : multiqc_data
[2019-01-15 17:27:01,611] multiqc                                            [DEBUG  ]  Moving data file from '/tmp/tmpfldaq_of/multiqc_data/multiqc_data.json' to '/home/weigandc/work/trim/multiqc_data'
[2019-01-15 17:27:01,612] multiqc                                            [DEBUG  ]  Moving data file from '/tmp/tmpfldaq_of/multiqc_data/multiqc_fastqc.txt' to '/home/weigandc/work/trim/multiqc_data'
[2019-01-15 17:27:01,612] multiqc                                            [DEBUG  ]  Moving data file from '/tmp/tmpfldaq_of/multiqc_data/multiqc_general_stats.txt' to '/home/weigandc/work/trim/multiqc_data'
[2019-01-15 17:27:01,612] multiqc                                            [DEBUG  ]  Moving data file from '/tmp/tmpfldaq_of/multiqc_data/multiqc_sources.txt' to '/home/weigandc/work/trim/multiqc_data'
[2019-01-15 17:27:01,811] multiqc                                            [INFO   ]  MultiQC complete
